android/app/build/intermediates/manifest_merge_blame_file/debug/manifest-merger-blame-debug-report.txt
1<?xml version="1.0" encoding="utf-8"?>
2<manifest xmlns:android="http://schemas.android.com/apk/res/android"
3    package="com.vincelu299.audioexampleexpo"
4    android:versionCode="1"
5    android:versionName="1.0.0" >
6
7    <uses-sdk
8        android:minSdkVersion="21"
9        android:targetSdkVersion="30" />
10
11    <uses-permission android:name="android.permission.SYSTEM_ALERT_WINDOW" />
11-->src/main/AndroidManifest.xml:8:3-75
11-->src/main/AndroidManifest.xml:8:20-73
12    <uses-permission android:name="android.permission.ACCESS_NETWORK_STATE" />
12-->src/main/AndroidManifest.xml:2:3-76
12-->src/main/AndroidManifest.xml:2:20-74
13    <uses-permission android:name="android.permission.INTERNET" />
13-->src/main/AndroidManifest.xml:3:3-64
13-->src/main/AndroidManifest.xml:3:20-62
14    <uses-permission android:name="android.permission.MODIFY_AUDIO_SETTINGS" />
14-->src/main/AndroidManifest.xml:4:3-77
14-->src/main/AndroidManifest.xml:4:20-75
15    <uses-permission android:name="android.permission.READ_EXTERNAL_STORAGE" />
15-->src/main/AndroidManifest.xml:5:3-77
15-->src/main/AndroidManifest.xml:5:20-75
16    <uses-permission android:name="android.permission.READ_PHONE_STATE" />
16-->src/main/AndroidManifest.xml:6:3-72
16-->src/main/AndroidManifest.xml:6:20-70
17    <uses-permission android:name="android.permission.RECORD_AUDIO" />
17-->src/main/AndroidManifest.xml:7:3-68
17-->src/main/AndroidManifest.xml:7:20-66
18    <uses-permission android:name="android.permission.VIBRATE" />
18-->src/main/AndroidManifest.xml:9:3-63
18-->src/main/AndroidManifest.xml:9:20-61
19    <uses-permission android:name="android.permission.WAKE_LOCK" />
19-->src/main/AndroidManifest.xml:10:3-65
19-->src/main/AndroidManifest.xml:10:20-63
20    <uses-permission android:name="android.permission.WRITE_EXTERNAL_STORAGE" />
20-->src/main/AndroidManifest.xml:11:3-78
20-->src/main/AndroidManifest.xml:11:20-76
21    <uses-permission android:name="com.google.android.c2dm.permission.RECEIVE" />
21-->src/main/AndroidManifest.xml:12:3-79
21-->src/main/AndroidManifest.xml:12:20-77
22    <uses-permission android:name="android.permission.ACCESS_WIFI_STATE" />
22-->[com.facebook.flipper:flipper:0.54.0] AndroidManifest.xml:16:5-76
22-->[com.facebook.flipper:flipper:0.54.0] AndroidManifest.xml:16:22-73
23    <uses-permission android:name="com.google.android.finsky.permission.BIND_GET_INSTALL_REFERRER_SERVICE" />
23-->[com.android.installreferrer:installreferrer:1.0] AndroidManifest.xml:9:5-110
23-->[com.android.installreferrer:installreferrer:1.0] AndroidManifest.xml:9:22-107
24
25    <application
25-->src/main/AndroidManifest.xml:13:3-32:17
26        android:name="com.vincelu299.audioexampleexpo.MainApplication"
26-->src/main/AndroidManifest.xml:13:16-47
27        android:allowBackup="true"
27-->src/main/AndroidManifest.xml:13:162-188
28        android:appComponentFactory="androidx.core.app.CoreComponentFactory"
28-->[androidx.core:core:1.3.0] AndroidManifest.xml:24:18-86
29        android:debuggable="true"
30        android:icon="@mipmap/ic_launcher"
30-->src/main/AndroidManifest.xml:13:81-115
31        android:label="@string/app_name"
31-->src/main/AndroidManifest.xml:13:48-80
32        android:roundIcon="@mipmap/ic_launcher_round"
32-->src/main/AndroidManifest.xml:13:116-161
33        android:theme="@style/AppTheme"
33-->src/main/AndroidManifest.xml:13:189-220
34        android:usesCleartextTraffic="true" >
34-->src/debug/AndroidManifest.xml:6:18-53
35        <meta-data
35-->src/main/AndroidManifest.xml:14:5-82
36            android:name="expo.modules.updates.ENABLED"
36-->src/main/AndroidManifest.xml:14:16-59
37            android:value="true" />
37-->src/main/AndroidManifest.xml:14:60-80
38        <meta-data
38-->src/main/AndroidManifest.xml:15:5-93
39            android:name="expo.modules.updates.EXPO_SDK_VERSION"
39-->src/main/AndroidManifest.xml:15:16-68
40            android:value="41.0.0" />
40-->src/main/AndroidManifest.xml:15:69-91
41        <meta-data
41-->src/main/AndroidManifest.xml:16:5-105
42            android:name="expo.modules.updates.EXPO_UPDATES_CHECK_ON_LAUNCH"
42-->src/main/AndroidManifest.xml:16:16-80
43            android:value="ALWAYS" />
43-->src/main/AndroidManifest.xml:16:81-103
44        <meta-data
44-->src/main/AndroidManifest.xml:17:5-99
45            android:name="expo.modules.updates.EXPO_UPDATES_LAUNCH_WAIT_MS"
45-->src/main/AndroidManifest.xml:17:16-79
46            android:value="0" />
46-->src/main/AndroidManifest.xml:17:80-97
47        <meta-data
47-->src/main/AndroidManifest.xml:18:5-135
48            android:name="expo.modules.updates.EXPO_UPDATE_URL"
48-->src/main/AndroidManifest.xml:18:16-67
49            android:value="https://exp.host/@vincelu299/audio-example-expo-1" />
49-->src/main/AndroidManifest.xml:18:68-133
50
51        <activity
51-->src/main/AndroidManifest.xml:19:5-30:16
52            android:name="com.vincelu299.audioexampleexpo.MainActivity"
52-->src/main/AndroidManifest.xml:19:15-43
53            android:configChanges="keyboard|keyboardHidden|orientation|screenSize|uiMode"
53-->src/main/AndroidManifest.xml:19:77-154
54            android:label="@string/app_name"
54-->src/main/AndroidManifest.xml:19:44-76
55            android:launchMode="singleTask"
55-->src/main/AndroidManifest.xml:19:155-186
56            android:screenOrientation="portrait"
56-->src/main/AndroidManifest.xml:19:276-312
57            android:theme="@style/Theme.App.SplashScreen"
57-->src/main/AndroidManifest.xml:19:230-275
58            android:windowSoftInputMode="adjustResize" >
58-->src/main/AndroidManifest.xml:19:187-229
59            <intent-filter>
59-->src/main/AndroidManifest.xml:20:7-23:23
60                <action android:name="android.intent.action.MAIN" />
60-->src/main/AndroidManifest.xml:21:9-60
60-->src/main/AndroidManifest.xml:21:17-58
61
62                <category android:name="android.intent.category.LAUNCHER" />
62-->src/main/AndroidManifest.xml:22:9-68
62-->src/main/AndroidManifest.xml:22:19-66
63            </intent-filter>
64            <intent-filter>
64-->src/main/AndroidManifest.xml:24:7-29:23
65                <action android:name="android.intent.action.VIEW" />
65-->src/main/AndroidManifest.xml:25:9-60
65-->src/main/AndroidManifest.xml:25:17-58
66
67                <category android:name="android.intent.category.DEFAULT" />
67-->src/main/AndroidManifest.xml:26:9-67
67-->src/main/AndroidManifest.xml:26:19-65
68                <category android:name="android.intent.category.BROWSABLE" />
68-->src/main/AndroidManifest.xml:27:9-69
68-->src/main/AndroidManifest.xml:27:19-67
69
70                <data android:scheme="com.vincelu299.audioexampleexpo" />
70-->src/main/AndroidManifest.xml:28:9-65
70-->src/main/AndroidManifest.xml:28:15-63
71            </intent-filter>
72        </activity>
73        <activity android:name="com.facebook.react.devsupport.DevSettingsActivity" />
73-->src/main/AndroidManifest.xml:31:5-81
73-->src/main/AndroidManifest.xml:31:15-79
74
75        <meta-data
75-->[:unimodules-react-native-adapter] AndroidManifest.xml:12:9-14:91
76            android:name="org.unimodules.core.AppLoader#react-native-headless"
76-->[:unimodules-react-native-adapter] AndroidManifest.xml:13:13-79
77            android:value="org.unimodules.adapters.react.apploader.RNHeadlessAppLoader" />
77-->[:unimodules-react-native-adapter] AndroidManifest.xml:14:13-88
78
79        <provider
79-->[:expo-file-system] AndroidManifest.xml:17:9-26:20
80            android:name="expo.modules.filesystem.FileSystemFileProvider"
80-->[:expo-file-system] AndroidManifest.xml:18:13-74
81            android:authorities="com.vincelu299.audioexampleexpo.FileSystemFileProvider"
81-->[:expo-file-system] AndroidManifest.xml:19:13-74
82            android:exported="false"
82-->[:expo-file-system] AndroidManifest.xml:20:13-37
83            android:grantUriPermissions="true" >
83-->[:expo-file-system] AndroidManifest.xml:21:13-47
84            <meta-data
84-->[:expo-file-system] AndroidManifest.xml:23:13-25:70
85                android:name="android.support.FILE_PROVIDER_PATHS"
85-->[:expo-file-system] AndroidManifest.xml:24:17-67
86                android:resource="@xml/file_system_provider_paths" />
86-->[:expo-file-system] AndroidManifest.xml:25:17-67
87        </provider>
88
89        <service
89-->[androidx.room:room-runtime:2.1.0] AndroidManifest.xml:25:9-27:40
90            android:name="androidx.room.MultiInstanceInvalidationService"
90-->[androidx.room:room-runtime:2.1.0] AndroidManifest.xml:26:13-74
91            android:exported="false" />
91-->[androidx.room:room-runtime:2.1.0] AndroidManifest.xml:27:13-37
92    </application>
93
94</manifest>